\BOOKMARK [2][-]{section*.1}{\376\377\000F\000-\0004\000D\000\040\000P\000h\000a\000n\000t\000o\000m\000\040\000I\000I}{}% 1
\BOOKMARK [2][-]{section*.2}{\376\377\000A\000-\0001\000E\000\040\000S\000k\000y\000r\000a\000i\000d\000e\000r}{}% 2
\BOOKMARK [2][-]{section*.3}{\376\377\000A\000-\0001\000H\000\040\000S\000k\000y\000r\000a\000i\000d\000e\000r}{}% 3
\BOOKMARK [2][-]{section*.4}{\376\377\000A\000-\0001\000J\000\040\000S\000k\000y\000r\000a\000i\000d\000e\000r}{}% 4
\BOOKMARK [2][-]{section*.5}{\376\377\000A\000-\0002\0006\000A\000\040\000I\000n\000v\000a\000d\000e\000r}{}% 5
\BOOKMARK [2][-]{section*.6}{\376\377\000A\000-\0003\0007\000B\000\040\000D\000r\000a\000g\000o\000n\000f\000l\000y}{}% 6
\BOOKMARK [2][-]{section*.7}{\376\377\000A\000-\0003\000B\000\040\000S\000k\000y\000w\000a\000r\000r\000i\000o\000r}{}% 7
\BOOKMARK [2][-]{section*.8}{\376\377\000A\0003\000D\000-\0002\000\040\000S\000k\000y\000w\000a\000r\000r\000i\000o\000r}{}% 8
\BOOKMARK [2][-]{section*.9}{\376\377\000A\0003\000D\000-\0002\000Q\000\040\000S\000k\000y\000w\000a\000r\000r\000i\000o\000r}{}% 9
\BOOKMARK [2][-]{section*.10}{\376\377\000A\000D\000-\0004\000\040\000S\000k\000y\000r\000a\000i\000d\000e\000r}{}% 10
\BOOKMARK [2][-]{section*.11}{\376\377\000A\000D\000-\0005\000\040\000S\000k\000y\000r\000a\000i\000d\000e\000r}{}% 11
\BOOKMARK [2][-]{section*.12}{\376\377\000A\000D\000-\0006\000\040\000S\000k\000y\000r\000a\000i\000d\000e\000r}{}% 12
\BOOKMARK [2][-]{section*.13}{\376\377\000A\000D\000-\0007\000\040\000S\000k\000y\000r\000a\000i\000d\000e\000r}{}% 13
\BOOKMARK [2][-]{section*.14}{\376\377\000A\000T\000-\0003\0003\000A\000\040\000S\000h\000o\000o\000t\000i\000n\000g\000\040\000S\000t\000a\000r}{}% 14
\BOOKMARK [2][-]{section*.15}{\376\377\000A\000U\000-\0001\000\040\000C\000o\000r\000s\000a\000i\000r}{}% 15
\BOOKMARK [2][-]{section*.16}{\376\377\000A\000v\000o\000n\000\040\000S\000a\000b\000r\000e\000\040\000M\000k\000.\0003\0001}{}% 16
\BOOKMARK [2][-]{section*.17}{\376\377\000A\000v\000o\000n\000\040\000S\000a\000b\000r\000e\000\040\000M\000k\000.\0003\0002}{}% 17
\BOOKMARK [2][-]{section*.18}{\376\377\000B\000-\0002\0006\000B\000\040\000I\000n\000v\000a\000d\000e\000r}{}% 18
\BOOKMARK [2][-]{section*.19}{\376\377\000B\000-\0002\0006\000C\000\040\000I\000n\000v\000a\000d\000e\000r}{}% 19
\BOOKMARK [2][-]{section*.20}{\376\377\000B\000-\0002\0006\000K\000\040\000C\000o\000u\000n\000t\000e\000r\000-\000I\000n\000v\000a\000d\000e\000r}{}% 20
\BOOKMARK [2][-]{section*.21}{\376\377\000B\000-\0002\0009\000A\000\040\000S\000u\000p\000e\000r\000f\000o\000r\000t\000r\000e\000s\000s}{}% 21
\BOOKMARK [2][-]{section*.22}{\376\377\000B\000-\0005\0002\000D\000\040\000S\000t\000r\000a\000t\000o\000f\000o\000r\000t\000r\000e\000s\000s}{}% 22
\BOOKMARK [2][-]{section*.23}{\376\377\000B\000-\0005\0002\000G\000\040\000S\000t\000r\000a\000t\000o\000f\000o\000r\000t\000r\000e\000s\000s}{}% 23
\BOOKMARK [2][-]{section*.24}{\376\377\000B\000-\0005\0007\000B\000\040\000C\000a\000n\000b\000e\000r\000r\000a}{}% 24
\BOOKMARK [2][-]{section*.25}{\376\377\000B\000-\0005\0007\000B\000\040\000C\000a\000n\000b\000e\000r\000r\000a}{}% 25
\BOOKMARK [2][-]{section*.26}{\376\377\000B\000-\0005\0007\000G\000\040\000C\000a\000n\000b\000e\000r\000r\000a}{}% 26
\BOOKMARK [2][-]{section*.27}{\376\377\000B\000-\0006\0006\000B\000\040\000D\000e\000s\000t\000r\000o\000y\000e\000r}{}% 27
\BOOKMARK [2][-]{section*.28}{\376\377\000E\000A\000-\0003\000B\000\040\000S\000k\000y\000w\000a\000r\000r\000i\000o\000r}{}% 28
\BOOKMARK [2][-]{section*.29}{\376\377\000E\000B\000-\0006\0006\000C\000\040\000D\000e\000s\000t\000r\000o\000y\000e\000r}{}% 29
\BOOKMARK [2][-]{section*.30}{\376\377\000F\000-\0001\0000\0000\000A\000\040\000S\000u\000p\000e\000r\000\040\000S\000a\000b\000r\000e}{}% 30
\BOOKMARK [2][-]{section*.31}{\376\377\000F\000-\0001\0000\0000\000C\000\040\000S\000u\000p\000e\000r\000\040\000S\000a\000b\000r\000e}{}% 31
\BOOKMARK [2][-]{section*.32}{\376\377\000F\000-\0001\0000\0000\000D\000\040\000S\000u\000p\000e\000r\000\040\000S\000a\000b\000r\000e}{}% 32
\BOOKMARK [2][-]{section*.33}{\376\377\000F\000-\0001\0000\0000\000F\000\040\000S\000u\000p\000e\000r\000\040\000S\000a\000b\000r\000e}{}% 33
\BOOKMARK [2][-]{section*.34}{\376\377\000F\000-\0001\0000\0002\000A\000\040\000D\000e\000l\000t\000a\000\040\000D\000a\000g\000g\000e\000r}{}% 34
\BOOKMARK [2][-]{section*.35}{\376\377\000F\000-\0001\0000\0004\000A\000+\000\040\000S\000t\000a\000r\000f\000i\000g\000h\000t\000e\000r}{}% 35
\BOOKMARK [2][-]{section*.36}{\376\377\000F\000-\0001\0000\0004\000A\000\040\000S\000t\000a\000r\000f\000i\000g\000h\000t\000e\000r}{}% 36
\BOOKMARK [2][-]{section*.37}{\376\377\000F\000-\0001\0000\0004\000B\000\040\000S\000t\000a\000r\000f\000i\000g\000h\000t\000e\000r}{}% 37
\BOOKMARK [2][-]{section*.38}{\376\377\000F\000-\0001\0000\0004\000C\000\040\000S\000t\000a\000r\000f\000i\000g\000h\000t\000e\000r}{}% 38
\BOOKMARK [2][-]{section*.39}{\376\377\000F\000-\0001\0000\0004\000D\000\040\000S\000t\000a\000r\000f\000i\000g\000h\000t\000e\000r}{}% 39
\BOOKMARK [2][-]{section*.40}{\376\377\000F\000-\0001\0000\0005\000B\000\040\000T\000h\000u\000n\000d\000e\000r\000c\000h\000i\000e\000f}{}% 40
\BOOKMARK [2][-]{section*.41}{\376\377\000F\000-\0001\0000\0005\000D\000\040\000T\000h\000u\000n\000d\000e\000r\000c\000h\000i\000e\000f}{}% 41
\BOOKMARK [2][-]{section*.42}{\376\377\000F\000-\0001\0006\000A\000-\0001\000\040\000F\000i\000g\000h\000t\000i\000n\000g\000\040\000F\000a\000l\000c\000o\000n}{}% 42
\BOOKMARK [2][-]{section*.43}{\376\377\000F\000-\0001\0006\000A\000-\0001\0000\000\040\000F\000i\000g\000h\000t\000i\000n\000g\000\040\000F\000a\000l\000c\000o\000n}{}% 43
\BOOKMARK [2][-]{section*.44}{\376\377\000F\000-\0001\0006\000A\000-\0001\0005\000\040\000F\000i\000g\000h\000t\000i\000n\000g\000\040\000F\000a\000l\000c\000o\000n}{}% 44
\BOOKMARK [2][-]{section*.45}{\376\377\000F\000-\0001\0006\000A\000-\0005\000\040\000F\000i\000g\000h\000t\000i\000n\000g\000\040\000F\000a\000l\000c\000o\000n}{}% 45
\BOOKMARK [2][-]{section*.46}{\376\377\000F\000-\0004\000B\000\040\000P\000h\000a\000n\000t\000o\000m\000\040\000I\000I}{}% 46
\BOOKMARK [2][-]{section*.47}{\376\377\000F\000-\0004\000C\000\040\000P\000h\000a\000n\000t\000o\000m\000\040\000I\000I}{}% 47
\BOOKMARK [2][-]{section*.48}{\376\377\000F\000-\0004\000E\000\040\000P\000h\000a\000n\000t\000o\000m\000\040\000I\000I}{}% 48
\BOOKMARK [2][-]{section*.49}{\376\377\000F\000-\0004\000J\000\040\000P\000h\000a\000n\000t\000o\000m\000\040\000I\000I}{}% 49
\BOOKMARK [2][-]{section*.50}{\376\377\000F\000-\0005\0001\000D\000\040\000M\000u\000s\000t\000a\000n\000g}{}% 50
\BOOKMARK [2][-]{section*.51}{\376\377\000F\000-\0005\000A\000\040\000F\000r\000e\000e\000d\000o\000m\000\040\000F\000i\000g\000h\000t\000e\000r}{}% 51
\BOOKMARK [2][-]{section*.52}{\376\377\000F\000-\0005\000C\000\040\000F\000r\000e\000e\000d\000o\000m\000\040\000F\000i\000g\000h\000t\000e\000r}{}% 52
\BOOKMARK [2][-]{section*.53}{\376\377\000F\000-\0008\0000\000C\000\040\000S\000h\000o\000o\000t\000i\000n\000g\000\040\000S\000t\000a\000r}{}% 53
\BOOKMARK [2][-]{section*.54}{\376\377\000F\000-\0008\0004\000E\000\040\000T\000h\000u\000n\000d\000e\000r\000j\000e\000t}{}% 54
\BOOKMARK [2][-]{section*.55}{\376\377\000F\000-\0008\0004\000G\000\040\000T\000h\000u\000n\000d\000e\000r\000j\000e\000t}{}% 55
\BOOKMARK [2][-]{section*.56}{\376\377\000F\000-\0008\0006\000A\000\040\000S\000a\000b\000r\000e}{}% 56
\BOOKMARK [2][-]{section*.57}{\376\377\000F\000-\0008\0006\000D\000\040\000S\000a\000b\000r\000e\000-\000D\000o\000g}{}% 57
\BOOKMARK [2][-]{section*.58}{\376\377\000F\000-\0008\0006\000E\000\040\000S\000a\000b\000r\000e}{}% 58
\BOOKMARK [2][-]{section*.59}{\376\377\000F\000-\0008\0006\000F\000-\0002\0005\000\040\000S\000a\000b\000r\000e}{}% 59
\BOOKMARK [2][-]{section*.60}{\376\377\000F\000-\0008\0006\000F\000-\0003\0005\000\040\000S\000a\000b\000r\000e}{}% 60
\BOOKMARK [2][-]{section*.61}{\376\377\000F\000-\0008\0006\000F\000-\0004\0000\000\040\000S\000a\000b\000r\000e}{}% 61
\BOOKMARK [2][-]{section*.62}{\376\377\000F\000-\0008\0006\000F\000\040\000S\000a\000b\000r\000e}{}% 62
\BOOKMARK [2][-]{section*.63}{\376\377\000F\000-\0008\0006\000H\000\040\000S\000a\000b\000r\000e\000\040\000\050\000E\000a\000r\000l\000y\000\051}{}% 63
\BOOKMARK [2][-]{section*.64}{\376\377\000F\000-\0008\0006\000H\000\040\000S\000a\000b\000r\000e\000\040\000\050\000L\000a\000t\000e\000\051}{}% 64
\BOOKMARK [2][-]{section*.65}{\376\377\000F\000-\0008\0006\000K\000\040\000S\000a\000b\000r\000e\000-\000D\000o\000g\000\040\000\050\000E\000a\000r\000l\000y\000\051}{}% 65
\BOOKMARK [2][-]{section*.66}{\376\377\000F\000-\0008\0006\000K\000\040\000S\000a\000b\000r\000e\000-\000D\000o\000g\000\040\000\050\000L\000a\000t\000e\000\051}{}% 66
\BOOKMARK [2][-]{section*.67}{\376\377\000F\000-\0008\0006\000L\000\040\000S\000a\000b\000r\000e\000-\000D\000o\000g}{}% 67
\BOOKMARK [2][-]{section*.68}{\376\377\000F\000-\0008\0009\000D\000\040\000S\000c\000o\000r\000p\000i\000o\000n}{}% 68
\BOOKMARK [2][-]{section*.69}{\376\377\000F\000-\0008\0009\000H\000\040\000S\000c\000o\000r\000p\000i\000o\000n}{}% 69
\BOOKMARK [2][-]{section*.70}{\376\377\000F\000-\0008\0009\000J\000\040\000S\000c\000o\000r\000p\000i\000o\000n}{}% 70
\BOOKMARK [2][-]{section*.71}{\376\377\000F\000-\0008\0009\000J\000\040\000S\000c\000o\000r\000p\000i\000o\000n}{}% 71
\BOOKMARK [2][-]{section*.72}{\376\377\000F\000-\0008\000E\000\040\000C\000r\000u\000s\000a\000d\000e\000r}{}% 72
\BOOKMARK [2][-]{section*.73}{\376\377\000F\000-\0008\000J\000\040\000C\000r\000u\000s\000a\000d\000e\000r}{}% 73
\BOOKMARK [2][-]{section*.74}{\376\377\000F\000-\0009\0004\000A\000\040\000S\000t\000a\000r\000f\000i\000r\000e}{}% 74
\BOOKMARK [2][-]{section*.75}{\376\377\000F\000-\0009\0004\000B\000\040\000S\000t\000a\000r\000f\000i\000r\000e}{}% 75
\BOOKMARK [2][-]{section*.76}{\376\377\000F\0002\000H\000-\0002\000\040\000B\000a\000n\000s\000h\000e\000e}{}% 76
\BOOKMARK [2][-]{section*.77}{\376\377\000F\0002\000H\000-\0002\000B\000\040\000B\000a\000n\000s\000h\000e\000e}{}% 77
\BOOKMARK [2][-]{section*.78}{\376\377\000F\0002\000H\000-\0002\000P\000\040\000B\000a\000n\000s\000h\000e\000e}{}% 78
\BOOKMARK [2][-]{section*.79}{\376\377\000F\0002\000H\000-\0003\000\040\000B\000a\000n\000s\000h\000e\000e}{}% 79
\BOOKMARK [2][-]{section*.80}{\376\377\000F\0002\000H\000-\0004\000\040\000B\000a\000n\000s\000h\000e\000e}{}% 80
\BOOKMARK [2][-]{section*.81}{\376\377\000F\0004\000U\000-\0005\000\040\000C\000o\000r\000s\000a\000i\000r}{}% 81
\BOOKMARK [2][-]{section*.82}{\376\377\000F\0007\000U\000-\0003\000\040\000C\000u\000t\000l\000a\000s\000s}{}% 82
\BOOKMARK [2][-]{section*.83}{\376\377\000F\0007\000U\000-\0003\000M\000\040\000C\000u\000t\000l\000a\000s\000s}{}% 83
\BOOKMARK [2][-]{section*.84}{\376\377\000F\0009\000F\000-\0002\000\040\000P\000a\000n\000t\000h\000e\000r}{}% 84
\BOOKMARK [2][-]{section*.85}{\376\377\000F\0009\000F\000-\0002\000P\000\040\000P\000a\000n\000t\000h\000e\000r}{}% 85
\BOOKMARK [2][-]{section*.86}{\376\377\000F\0009\000F\000-\0005\000\040\000P\000a\000n\000t\000h\000e\000r}{}% 86
\BOOKMARK [2][-]{section*.87}{\376\377\000F\0009\000F\000-\0005\000P\000\040\000P\000a\000n\000t\000h\000e\000r}{}% 87
\BOOKMARK [2][-]{section*.88}{\376\377\000I\000l\000-\0002\0008\000\040\000B\000e\000a\000g\000l\000e}{}% 88
\BOOKMARK [2][-]{section*.89}{\376\377\000M\000e\000t\000e\000o\000r\000\040\000F\000.\0008}{}% 89
\BOOKMARK [2][-]{section*.90}{\376\377\000M\000e\000t\000e\000o\000r\000\040\000F\000R\000.\0009}{}% 90
\BOOKMARK [2][-]{section*.91}{\376\377\000M\000i\000G\000-\0001\0005\000I\000S\000h\000\040\000F\000a\000g\000o\000t}{}% 91
\BOOKMARK [2][-]{section*.92}{\376\377\000M\000i\000G\000-\0001\0005\000P\000\040\000F\000a\000g\000o\000t}{}% 92
\BOOKMARK [2][-]{section*.93}{\376\377\000M\000i\000G\000-\0001\0005\000b\000i\000s\000\040\000F\000a\000g\000o\000t\000-\000B}{}% 93
\BOOKMARK [2][-]{section*.94}{\376\377\000M\000i\000G\000-\0001\0007\000F\000\040\000F\000r\000e\000s\000c\000o\000-\000C}{}% 94
\BOOKMARK [2][-]{section*.95}{\376\377\000M\000i\000G\000-\0001\0007\000P\000F\000\040\000F\000r\000e\000s\000c\000o\000-\000D}{}% 95
\BOOKMARK [2][-]{section*.96}{\376\377\000M\000i\000G\000-\0001\0007\000P\000F\000U\000\040\000F\000r\000e\000s\000c\000o\000-\000E}{}% 96
\BOOKMARK [2][-]{section*.97}{\376\377\000M\000i\000G\000-\0001\0009\000P\000F\000\040\000F\000a\000r\000m\000e\000r\000-\000D}{}% 97
\BOOKMARK [2][-]{section*.98}{\376\377\000M\000i\000G\000-\0001\0009\000P\000M\000\040\000F\000a\000r\000m\000e\000r\000-\000E}{}% 98
\BOOKMARK [2][-]{section*.99}{\376\377\000M\000i\000G\000-\0001\0009\000S\000F\000\040\000F\000a\000r\000m\000e\000r\000-\000C}{}% 99
\BOOKMARK [2][-]{section*.100}{\376\377\000M\000i\000G\000-\0001\0009\000S\000F\000\040\000F\000a\000r\000m\000e\000r\000-\000C}{}% 100
\BOOKMARK [2][-]{section*.101}{\376\377\000M\000i\000G\000-\0002\0001\000F\000-\0001\0003\000\040\000F\000i\000s\000h\000b\000e\000d\000-\000C}{}% 101
\BOOKMARK [2][-]{section*.102}{\376\377\000M\000i\000G\000-\0002\0001\000F\000\040\000F\000i\000s\000h\000b\000e\000d\000-\000B}{}% 102
\BOOKMARK [2][-]{section*.103}{\376\377\000M\000i\000G\000-\0002\0001\000M\000\040\000F\000i\000s\000h\000b\000e\000d}{}% 103
\BOOKMARK [2][-]{section*.104}{\376\377\000M\000i\000G\000-\0002\0001\000M\000F\000\040\000F\000i\000s\000h\000b\000e\000d\000-\000J}{}% 104
\BOOKMARK [2][-]{section*.105}{\376\377\000M\000i\000G\000-\0002\0001\000P\000F\000M\000A\000\040\000F\000i\000s\000h\000b\000e\000d}{}% 105
\BOOKMARK [2][-]{section*.106}{\376\377\000O\000A\000-\0003\0007\000B\000\040\000D\000r\000a\000g\000o\000n\000f\000l\000y}{}% 106
\BOOKMARK [2][-]{section*.107}{\376\377\000R\000B\000-\0002\0009\000A\000\040\000S\000u\000p\000e\000r\000f\000o\000r\000t\000r\000e\000s\000s}{}% 107
\BOOKMARK [2][-]{section*.108}{\376\377\000R\000B\000-\0006\0006\000\040\000D\000e\000s\000t\000r\000o\000y\000e\000r}{}% 108
\BOOKMARK [2][-]{section*.109}{\376\377\000R\000F\000-\0004\000B\000\040\000P\000h\000a\000n\000t\000o\000m\000\040\000I\000I}{}% 109
\BOOKMARK [2][-]{section*.110}{\376\377\000R\000F\000-\0004\000C\000\040\000P\000h\000a\000n\000t\000o\000m\000\040\000I\000I}{}% 110
\BOOKMARK [2][-]{section*.111}{\376\377\000R\000F\000-\0005\0001\000D\000\040\000M\000u\000s\000t\000a\000n\000g}{}% 111
\BOOKMARK [2][-]{section*.112}{\376\377\000R\000F\000-\0005\000A\000\040\000F\000r\000e\000e\000d\000o\000m\000\040\000F\000i\000g\000h\000t\000e\000r}{}% 112
\BOOKMARK [2][-]{section*.113}{\376\377\000R\000F\000-\0008\0000\000C\000\040\000S\000h\000o\000o\000t\000i\000n\000g\000\040\000S\000t\000a\000r}{}% 113
\BOOKMARK [2][-]{section*.114}{\376\377\000S\000a\000b\000r\000e\000\040\0005}{}% 114
\BOOKMARK [2][-]{section*.115}{\376\377\000S\000a\000b\000r\000e\000\040\0006}{}% 115
\BOOKMARK [2][-]{section*.116}{\376\377\000S\000e\000a\000\040\000F\000u\000r\000y\000\040\000F\000B\000.\0001\0001}{}% 116
\BOOKMARK [2][-]{section*.117}{\376\377\000S\000e\000a\000\040\000H\000a\000r\000r\000i\000e\000r\000\040\000F\000A\000.\0002}{}% 117
\BOOKMARK [2][-]{section*.118}{\376\377\000S\000e\000a\000\040\000H\000a\000r\000r\000i\000e\000r\000\040\000F\000R\000S\000.\0001}{}% 118
\BOOKMARK [2][-]{section*.119}{\376\377\000S\000e\000a\000\040\000H\000a\000r\000r\000i\000e\000r\000\040\000F\000R\000S\000.\0002}{}% 119
\BOOKMARK [2][-]{section*.120}{\376\377\000S\000u\000-\0001\0001\000\040\000F\000i\000s\000h\000p\000o\000t\000-\000C}{}% 120
\BOOKMARK [2][-]{section*.121}{\376\377\000S\000u\000-\0009\000\040\000F\000i\000s\000h\000p\000o\000t\000-\000B}{}% 121
\BOOKMARK [2][-]{section*.122}{\376\377\000T\000-\0003\0007\000C\000\040\000T\000w\000e\000e\000t}{}% 122
\BOOKMARK [2][-]{section*.123}{\376\377\000T\000u\000-\0001\0006\000A\000\040\000B\000a\000d\000g\000e\000r\000-\000A}{}% 123
\BOOKMARK [2][-]{section*.124}{\376\377\000T\000u\000-\0001\0006\000K\000\040\000B\000a\000d\000g\000e\000r\000-\000G}{}% 124
\BOOKMARK [2][-]{section*.125}{\376\377\000T\000u\000-\0001\0006\000K\000S\000\040\000B\000a\000d\000g\000e\000r\000-\000B}{}% 125
\BOOKMARK [2][-]{section*.126}{\376\377\000T\000u\000-\0004\000\040\000B\000u\000l\000l}{}% 126
\BOOKMARK [2][-]{section*.127}{\376\377\000Y\000a\000k\000-\0009\000D\000\040\000F\000r\000a\000n\000k}{}% 127
